{"E:/PABLO/CERTIFIED TECH DEVELOPER/MATERIAS/BIMESTRE 4/PROYECTO INTEGRADOR/grupo-01/Frontend/Front PI/src/components/Footer.jsx": {"path":"E:/PABLO/CERTIFIED TECH DEVELOPER/MATERIAS/BIMESTRE 4/PROYECTO INTEGRADOR/grupo-01/Frontend/Front PI/src/components/Footer.jsx","statementMap":{"0":{"start":{"line":5,"column":15},"end":{"line":21,"column":null}},"1":{"start":{"line":6,"column":2},"end":{"line":18,"column":null}}},"fnMap":{"0":{"name":"(anonymous_0)","decl":{"start":{"line":5,"column":15},"end":{"line":5,"column":21}},"loc":{"start":{"line":5,"column":21},"end":{"line":21,"column":null}}}},"branchMap":{},"s":{"0":1,"1":2},"f":{"0":2},"b":{}}
,"E:/PABLO/CERTIFIED TECH DEVELOPER/MATERIAS/BIMESTRE 4/PROYECTO INTEGRADOR/grupo-01/Frontend/Front PI/src/components/Navbar.jsx": {"path":"E:/PABLO/CERTIFIED TECH DEVELOPER/MATERIAS/BIMESTRE 4/PROYECTO INTEGRADOR/grupo-01/Frontend/Front PI/src/components/Navbar.jsx","statementMap":{"0":{"start":{"line":7,"column":15},"end":{"line":119,"column":null}},"1":{"start":{"line":8,"column":17},"end":{"line":8,"column":null}},"2":{"start":{"line":9,"column":19},"end":{"line":9,"column":null}},"3":{"start":{"line":10,"column":30},"end":{"line":10,"column":null}},"4":{"start":{"line":12,"column":21},"end":{"line":14,"column":null}},"5":{"start":{"line":13,"column":4},"end":{"line":13,"column":null}},"6":{"start":{"line":16,"column":17},"end":{"line":18,"column":null}},"7":{"start":{"line":17,"column":4},"end":{"line":17,"column":null}},"8":{"start":{"line":20,"column":24},"end":{"line":78,"column":null}},"9":{"start":{"line":21,"column":4},"end":{"line":77,"column":null}},"10":{"start":{"line":22,"column":6},"end":{"line":35,"column":null}},"11":{"start":{"line":39,"column":6},"end":{"line":76,"column":null}},"12":{"start":{"line":40,"column":8},"end":{"line":47,"column":null}},"13":{"start":{"line":50,"column":6},"end":{"line":76,"column":null}},"14":{"start":{"line":51,"column":8},"end":{"line":58,"column":null}},"15":{"start":{"line":62,"column":8},"end":{"line":73,"column":null}},"16":{"start":{"line":80,"column":2},"end":{"line":116,"column":null}}},"fnMap":{"0":{"name":"(anonymous_0)","decl":{"start":{"line":7,"column":15},"end":{"line":7,"column":21}},"loc":{"start":{"line":7,"column":21},"end":{"line":119,"column":null}}},"1":{"name":"(anonymous_1)","decl":{"start":{"line":12,"column":21},"end":{"line":12,"column":27}},"loc":{"start":{"line":12,"column":27},"end":{"line":14,"column":null}}},"2":{"name":"(anonymous_2)","decl":{"start":{"line":16,"column":17},"end":{"line":16,"column":23}},"loc":{"start":{"line":16,"column":23},"end":{"line":18,"column":null}}},"3":{"name":"(anonymous_3)","decl":{"start":{"line":20,"column":24},"end":{"line":20,"column":37}},"loc":{"start":{"line":20,"column":37},"end":{"line":78,"column":null}}}},"branchMap":{"0":{"loc":{"start":{"line":21,"column":4},"end":{"line":77,"column":null}},"type":"if","locations":[{"start":{"line":21,"column":4},"end":{"line":77,"column":null}},{"start":{"line":38,"column":11},"end":{"line":77,"column":null}}]},"1":{"loc":{"start":{"line":39,"column":6},"end":{"line":76,"column":null}},"type":"if","locations":[{"start":{"line":39,"column":6},"end":{"line":76,"column":null}},{"start":{"line":50,"column":6},"end":{"line":76,"column":null}}]},"2":{"loc":{"start":{"line":50,"column":6},"end":{"line":76,"column":null}},"type":"if","locations":[{"start":{"line":50,"column":6},"end":{"line":76,"column":null}},{"start":{"line":61,"column":13},"end":{"line":76,"column":null}}]}},"s":{"0":1,"1":2,"2":2,"3":2,"4":2,"5":0,"6":2,"7":0,"8":2,"9":2,"10":0,"11":2,"12":0,"13":2,"14":0,"15":2,"16":2},"f":{"0":2,"1":0,"2":0,"3":2},"b":{"0":[0,2],"1":[0,2],"2":[0,2]}}
,"E:/PABLO/CERTIFIED TECH DEVELOPER/MATERIAS/BIMESTRE 4/PROYECTO INTEGRADOR/grupo-01/Frontend/Front PI/src/components/utils/global.context.jsx": {"path":"E:/PABLO/CERTIFIED TECH DEVELOPER/MATERIAS/BIMESTRE 4/PROYECTO INTEGRADOR/grupo-01/Frontend/Front PI/src/components/utils/global.context.jsx","statementMap":{"0":{"start":{"line":3,"column":29},"end":{"line":3,"column":null}},"1":{"start":{"line":5,"column":28},"end":{"line":14,"column":null}},"2":{"start":{"line":16,"column":24},"end":{"line":25,"column":null}},"3":{"start":{"line":17,"column":4},"end":{"line":23,"column":null}},"4":{"start":{"line":19,"column":12},"end":{"line":19,"column":null}},"5":{"start":{"line":21,"column":12},"end":{"line":21,"column":null}},"6":{"start":{"line":23,"column":12},"end":{"line":23,"column":55}},"7":{"start":{"line":27,"column":24},"end":{"line":44,"column":null}},"8":{"start":{"line":29,"column":30},"end":{"line":29,"column":null}},"9":{"start":{"line":31,"column":18},"end":{"line":34,"column":null}},"10":{"start":{"line":36,"column":2},"end":{"line":40,"column":null}}},"fnMap":{"0":{"name":"(anonymous_0)","decl":{"start":{"line":16,"column":24},"end":{"line":16,"column":25}},"loc":{"start":{"line":16,"column":43},"end":{"line":25,"column":null}}},"1":{"name":"(anonymous_1)","decl":{"start":{"line":27,"column":24},"end":{"line":27,"column":25}},"loc":{"start":{"line":27,"column":40},"end":{"line":44,"column":null}}}},"branchMap":{"0":{"loc":{"start":{"line":17,"column":4},"end":{"line":23,"column":null}},"type":"switch","locations":[{"start":{"line":18,"column":8},"end":{"line":19,"column":null}},{"start":{"line":20,"column":8},"end":{"line":21,"column":null}},{"start":{"line":22,"column":8},"end":{"line":23,"column":55}}]}},"s":{"0":1,"1":1,"2":1,"3":0,"4":0,"5":0,"6":0,"7":1,"8":2,"9":2,"10":2},"f":{"0":0,"1":2},"b":{"0":[0,0,0]}}
}
